<?xml version="1.0" encoding="UTF-8"?>
<coverage generated="1735481963394" clover="3.2.0">
  <project timestamp="1735481963394" name="All files">
    <metrics statements="64" coveredstatements="44" conditionals="27" coveredconditionals="15" methods="17" coveredmethods="11" elements="108" coveredelements="70" complexity="0" loc="64" ncloc="64" packages="1" files="4" classes="4"/>
    <file name="Company.js" path="C:\Users\paulo\Desktop\29\models\Company.js">
      <metrics statements="13" coveredstatements="8" conditionals="3" coveredconditionals="1" methods="3" coveredmethods="2"/>
      <line num="3" count="1" type="stmt"/>
      <line num="94" count="7" type="stmt"/>
      <line num="96" count="0" type="stmt"/>
      <line num="114" count="1" type="stmt"/>
      <line num="115" count="7" type="stmt"/>
      <line num="121" count="7" type="cond" truecount="1" falsecount="2"/>
      <line num="123" count="0" type="stmt"/>
      <line num="130" count="0" type="stmt"/>
      <line num="132" count="0" type="stmt"/>
      <line num="139" count="0" type="stmt"/>
      <line num="141" count="7" type="stmt"/>
      <line num="149" count="7" type="stmt"/>
      <line num="152" count="1" type="stmt"/>
    </file>
    <file name="Mentor.js" path="C:\Users\paulo\Desktop\29\models\Mentor.js">
      <metrics statements="21" coveredstatements="16" conditionals="6" coveredconditionals="5" methods="8" coveredmethods="6"/>
      <line num="3" count="1" type="stmt"/>
      <line num="76" count="1" type="stmt"/>
      <line num="77" count="0" type="stmt"/>
      <line num="83" count="0" type="stmt"/>
      <line num="86" count="1" type="stmt"/>
      <line num="87" count="0" type="stmt"/>
      <line num="92" count="0" type="stmt"/>
      <line num="100" count="0" type="stmt"/>
      <line num="103" count="1" type="stmt"/>
      <line num="104" count="1" type="stmt"/>
      <line num="106" count="1" type="stmt"/>
      <line num="108" count="3" type="stmt"/>
      <line num="109" count="3" type="stmt"/>
      <line num="110" count="3" type="cond" truecount="1" falsecount="1"/>
      <line num="113" count="1" type="stmt"/>
      <line num="116" count="1" type="stmt"/>
      <line num="117" count="3" type="stmt"/>
      <line num="118" count="3" type="stmt"/>
      <line num="120" count="3" type="stmt"/>
      <line num="121" count="3" type="cond" truecount="2" falsecount="0"/>
      <line num="123" count="2" type="cond" truecount="2" falsecount="0"/>
    </file>
    <file name="MentorSession.js" path="C:\Users\paulo\Desktop\29\models\MentorSession.js">
      <metrics statements="15" coveredstatements="15" conditionals="10" coveredconditionals="9" methods="3" coveredmethods="3"/>
      <line num="3" count="1" type="stmt"/>
      <line num="64" count="1" type="stmt"/>
      <line num="65" count="11" type="cond" truecount="3" falsecount="1"/>
      <line num="66" count="11" type="stmt"/>
      <line num="68" count="11" type="stmt"/>
      <line num="72" count="1" type="stmt"/>
      <line num="73" count="4" type="stmt"/>
      <line num="75" count="4" type="stmt"/>
      <line num="92" count="4" type="stmt"/>
      <line num="96" count="1" type="stmt"/>
      <line num="97" count="11" type="cond" truecount="4" falsecount="0"/>
      <line num="98" count="4" type="stmt"/>
      <line num="104" count="4" type="cond" truecount="2" falsecount="0"/>
      <line num="105" count="1" type="stmt"/>
      <line num="108" count="10" type="stmt"/>
    </file>
    <file name="User.js" path="C:\Users\paulo\Desktop\29\models\User.js">
      <metrics statements="15" coveredstatements="5" conditionals="8" coveredconditionals="0" methods="3" coveredmethods="0"/>
      <line num="4" count="1" type="stmt"/>
      <line num="126" count="1" type="stmt"/>
      <line num="128" count="0" type="stmt"/>
      <line num="129" count="0" type="stmt"/>
      <line num="133" count="1" type="stmt"/>
      <line num="134" count="0" type="stmt"/>
      <line num="135" count="0" type="stmt"/>
      <line num="138" count="1" type="stmt"/>
      <line num="139" count="0" type="cond" truecount="0" falsecount="4"/>
      <line num="140" count="0" type="stmt"/>
      <line num="146" count="0" type="stmt"/>
      <line num="147" count="0" type="cond" truecount="0" falsecount="4"/>
      <line num="148" count="0" type="stmt"/>
      <line num="150" count="0" type="stmt"/>
      <line num="153" count="1" type="stmt"/>
    </file>
  </project>
</coverage>
