TN:
SF:models\Company.js
FN:93,(anonymous_0)
FN:96,(anonymous_1)
FN:114,(anonymous_2)
FNF:3
FNH:2
FNDA:7,(anonymous_0)
FNDA:0,(anonymous_1)
FNDA:7,(anonymous_2)
DA:3,1
DA:94,7
DA:96,0
DA:114,1
DA:115,7
DA:121,7
DA:123,0
DA:130,0
DA:132,0
DA:139,0
DA:141,7
DA:149,7
DA:152,1
LF:13
LH:8
BRDA:121,0,0,0
BRDA:121,0,1,0
BRDA:121,0,2,7
BRF:3
BRH:1
end_of_record
TN:
SF:models\Mentor.js
FN:76,(anonymous_0)
FN:86,(anonymous_1)
FN:103,(anonymous_2)
FN:108,(anonymous_3)
FN:109,(anonymous_4)
FN:110,(anonymous_5)
FN:116,(anonymous_6)
FN:120,(anonymous_7)
FNF:8
FNH:6
FNDA:0,(anonymous_0)
FNDA:0,(anonymous_1)
FNDA:1,(anonymous_2)
FNDA:3,(anonymous_3)
FNDA:3,(anonymous_4)
FNDA:3,(anonymous_5)
FNDA:3,(anonymous_6)
FNDA:3,(anonymous_7)
DA:3,1
DA:76,1
DA:77,0
DA:83,0
DA:86,1
DA:87,0
DA:92,0
DA:100,0
DA:103,1
DA:104,1
DA:106,1
DA:108,3
DA:109,3
DA:110,3
DA:113,1
DA:116,1
DA:117,3
DA:118,3
DA:120,3
DA:121,3
DA:123,2
LF:21
LH:16
BRDA:110,0,0,1
BRDA:110,0,1,0
BRDA:121,1,0,1
BRDA:121,1,1,2
BRDA:123,2,0,2
BRDA:123,2,1,1
BRF:6
BRH:5
end_of_record
TN:
SF:models\MentorSession.js
FN:64,(anonymous_0)
FN:72,(anonymous_1)
FN:96,(anonymous_2)
FNF:3
FNH:3
FNDA:11,(anonymous_0)
FNDA:4,(anonymous_1)
FNDA:11,(anonymous_2)
DA:3,1
DA:64,1
DA:65,11
DA:66,11
DA:68,11
DA:72,1
DA:73,4
DA:75,4
DA:92,4
DA:96,1
DA:97,11
DA:98,4
DA:104,4
DA:105,1
DA:108,10
LF:15
LH:15
BRDA:65,0,0,11
BRDA:65,0,1,0
BRDA:65,1,0,11
BRDA:65,1,1,11
BRDA:97,2,0,4
BRDA:97,2,1,7
BRDA:97,3,0,11
BRDA:97,3,1,8
BRDA:104,4,0,1
BRDA:104,4,1,3
BRF:10
BRH:9
end_of_record
TN:
SF:models\User.js
FN:126,(anonymous_0)
FN:133,(anonymous_1)
FN:138,(anonymous_2)
FNF:3
FNH:0
FNDA:0,(anonymous_0)
FNDA:0,(anonymous_1)
FNDA:0,(anonymous_2)
DA:4,1
DA:126,1
DA:128,0
DA:129,0
DA:133,1
DA:134,0
DA:135,0
DA:138,1
DA:139,0
DA:140,0
DA:146,0
DA:147,0
DA:148,0
DA:150,0
DA:153,1
LF:15
LH:5
BRDA:139,0,0,0
BRDA:139,0,1,0
BRDA:139,1,0,0
BRDA:139,1,1,0
BRDA:147,2,0,0
BRDA:147,2,1,0
BRDA:147,3,0,0
BRDA:147,3,1,0
BRF:8
BRH:0
end_of_record
